<?xml version="1.0" encoding="UTF-8"?>
<testng-results skipped="0" failed="0" ignored="0" total="1" passed="1">
  <reporter-output>
  </reporter-output>
  <suite name="Default suite" duration-ms="60632" started-at="2019-09-09T22:38:58 IST" finished-at="2019-09-09T22:39:59 IST">
    <groups>
    </groups>
    <test name="Default test" duration-ms="60632" started-at="2019-09-09T22:38:58 IST" finished-at="2019-09-09T22:39:59 IST">
      <class name="ENDUSER">
        <test-method status="PASS" signature="startbrowser()[pri:0, instance:ENDUSER@57bc27f5]" name="startbrowser" is-config="true" duration-ms="21911" started-at="2019-09-09T22:38:58 IST" finished-at="2019-09-09T22:39:20 IST">
          <reporter-output>
          </reporter-output>
        </test-method> <!-- startbrowser -->
        <test-method status="PASS" signature="searchproperty()[pri:2, instance:ENDUSER@57bc27f5]" name="searchproperty" duration-ms="38639" started-at="2019-09-09T22:39:20 IST" finished-at="2019-09-09T22:39:58 IST">
          <reporter-output>
          </reporter-output>
        </test-method> <!-- searchproperty -->
      </class> <!-- ENDUSER -->
    </test> <!-- Default test -->
  </suite> <!-- Default suite -->
</testng-results>
