<?xml version="1.0" encoding="UTF-8"?>
<testng-results skipped="0" failed="0" ignored="0" total="2" passed="2">
  <reporter-output>
  </reporter-output>
  <suite name="Default suite" duration-ms="71742" started-at="2019-09-09T15:40:41 IST" finished-at="2019-09-09T15:41:53 IST">
    <groups>
    </groups>
    <test name="Default test" duration-ms="71742" started-at="2019-09-09T15:40:41 IST" finished-at="2019-09-09T15:41:53 IST">
      <class name="ENDUSER">
        <test-method status="PASS" signature="startbrowser()[pri:0, instance:ENDUSER@5fb759d6]" name="startbrowser" is-config="true" duration-ms="20839" started-at="2019-09-09T15:40:41 IST" finished-at="2019-09-09T15:41:02 IST">
          <reporter-output>
          </reporter-output>
        </test-method> <!-- startbrowser -->
        <test-method status="PASS" signature="loginregister()[pri:0, instance:ENDUSER@5fb759d6]" name="loginregister" duration-ms="32972" started-at="2019-09-09T15:41:02 IST" finished-at="2019-09-09T15:41:35 IST">
          <reporter-output>
          </reporter-output>
        </test-method> <!-- loginregister -->
        <test-method status="PASS" signature="search()[pri:2, instance:ENDUSER@5fb759d6]" name="search" duration-ms="17682" started-at="2019-09-09T15:41:35 IST" finished-at="2019-09-09T15:41:52 IST">
          <reporter-output>
          </reporter-output>
        </test-method> <!-- search -->
        <test-method status="PASS" signature="close()[pri:0, instance:ENDUSER@5fb759d6]" name="close" is-config="true" duration-ms="156" started-at="2019-09-09T15:41:52 IST" finished-at="2019-09-09T15:41:53 IST">
          <reporter-output>
          </reporter-output>
        </test-method> <!-- close -->
      </class> <!-- ENDUSER -->
    </test> <!-- Default test -->
  </suite> <!-- Default suite -->
</testng-results>
